<?xml version="1.0" encoding="UTF-8"?>
<testng-results ignored="0" total="4" passed="4" failed="0" skipped="0">
  <reporter-output>
  </reporter-output>
  <suite started-at="2025-02-16T09:04:49Z" name="Default suite" finished-at="2025-02-16T09:09:02Z" duration-ms="252719">
    <groups>
      <group name="cucumber">
        <method signature="AbstractTestNGCucumberTests.runScenario(io.cucumber.testng.PickleWrapper, io.cucumber.testng.FeatureWrapper)[pri:0, instance:testRunner.RunnerClass@602e0143]" name="runScenario" class="io.cucumber.testng.AbstractTestNGCucumberTests"/>
      </group> <!-- cucumber -->
    </groups>
    <test started-at="2025-02-16T09:04:49Z" name="Default test" finished-at="2025-02-16T09:09:02Z" duration-ms="252719">
      <class name="testRunner.RunnerClass">
        <test-method is-config="true" signature="setUpClass()[pri:0, instance:testRunner.RunnerClass@602e0143]" started-at="2025-02-16T09:04:49Z" name="setUpClass" finished-at="2025-02-16T09:04:52Z" duration-ms="3364" status="PASS">
          <reporter-output>
          </reporter-output>
        </test-method> <!-- setUpClass -->
        <test-method signature="runScenario(io.cucumber.testng.PickleWrapper, io.cucumber.testng.FeatureWrapper)[pri:0, instance:testRunner.RunnerClass@602e0143]" started-at="2025-02-16T09:04:52Z" name="runScenario" description="Runs Cucumber Scenarios" data-provider="scenarios" finished-at="2025-02-16T09:05:52Z" duration-ms="59839" status="PASS">
          <params>
            <param index="0">
              <value>
                <![CDATA["Reagister a user in automation Excercise portal"]]>
              </value>
            </param>
            <param index="1">
              <value>
                <![CDATA["Optional[Register User]"]]>
              </value>
            </param>
          </params>
          <reporter-output>
          </reporter-output>
        </test-method> <!-- runScenario -->
        <test-method signature="runScenario(io.cucumber.testng.PickleWrapper, io.cucumber.testng.FeatureWrapper)[pri:0, instance:testRunner.RunnerClass@602e0143]" started-at="2025-02-16T09:05:52Z" name="runScenario" description="Runs Cucumber Scenarios" data-provider="scenarios" finished-at="2025-02-16T09:06:49Z" duration-ms="56421" status="PASS">
          <params>
            <param index="0">
              <value>
                <![CDATA["Register a user in automation Excercise portal"]]>
              </value>
            </param>
            <param index="1">
              <value>
                <![CDATA["Optional[Register User]"]]>
              </value>
            </param>
          </params>
          <reporter-output>
          </reporter-output>
        </test-method> <!-- runScenario -->
        <test-method signature="runScenario(io.cucumber.testng.PickleWrapper, io.cucumber.testng.FeatureWrapper)[pri:0, instance:testRunner.RunnerClass@602e0143]" started-at="2025-02-16T09:06:49Z" name="runScenario" description="Runs Cucumber Scenarios" data-provider="scenarios" finished-at="2025-02-16T09:07:52Z" duration-ms="63199" status="PASS">
          <params>
            <param index="0">
              <value>
                <![CDATA["Register a user in automation Excercise portal"]]>
              </value>
            </param>
            <param index="1">
              <value>
                <![CDATA["Optional[Register User]"]]>
              </value>
            </param>
          </params>
          <reporter-output>
          </reporter-output>
        </test-method> <!-- runScenario -->
        <test-method signature="runScenario(io.cucumber.testng.PickleWrapper, io.cucumber.testng.FeatureWrapper)[pri:0, instance:testRunner.RunnerClass@602e0143]" started-at="2025-02-16T09:07:52Z" name="runScenario" description="Runs Cucumber Scenarios" data-provider="scenarios" finished-at="2025-02-16T09:08:53Z" duration-ms="60845" status="PASS">
          <params>
            <param index="0">
              <value>
                <![CDATA["Register a user in automation Excercise portal"]]>
              </value>
            </param>
            <param index="1">
              <value>
                <![CDATA["Optional[Register User]"]]>
              </value>
            </param>
          </params>
          <reporter-output>
          </reporter-output>
        </test-method> <!-- runScenario -->
        <test-method is-config="true" signature="tearDownClass()[pri:0, instance:testRunner.RunnerClass@602e0143]" started-at="2025-02-16T09:08:53Z" name="tearDownClass" finished-at="2025-02-16T09:09:02Z" duration-ms="8933" status="PASS">
          <reporter-output>
          </reporter-output>
        </test-method> <!-- tearDownClass -->
      </class> <!-- testRunner.RunnerClass -->
    </test> <!-- Default test -->
  </suite> <!-- Default suite -->
</testng-results>
